# MARL Task Log - Archimedes

## Task: task-2026-02-07-017
**Agent:** Archimedes (Engineering Lead)  
**Date:** 2026-02-07 18:08 UTC  
**Status:** COMPLETED  
**Type:** MARL Framework Enhancement  

### Description
Add MARL progress page to dashboard so Justin can see what squad is doing. Dashboard is at /var/www/html/dashboard on forge1.

### Implementation
- Created MARL progress page at /var/www/html/dashboard/marl-progress.html
- Shows recent MARL tasks completed by each agent
- Displays current MARL projects and their status
- Includes timeline of MARL work done today
- Added links from main dashboard to MARL progress page

### Key Features
- Real-time task monitoring
- Agent-specific task tracking
- Project status overview
- Timeline visualization
- Documentation links

### Technical Details
- HTML5/CSS3 with dark mode theme
- Responsive design
- Auto-refresh capability
- RESTful data sources

---

## Task: task-2026-02-06-013
**Agent:** Archimedes (Engineering Lead)  
**Date:** 2026-02-06 17:50 UTC  
**Status:** COMPLETED  
**Type:** MARL Framework Development  

### Description
Add hierarchical MARL components to framework based on Marcus's research. Includes manager/worker agents, HiPPO training, CTDE algorithms, and CLI extensions.

### Implementation
- Implemented hierarchical environment classes
- Created ManagerNetwork and WorkerNetwork
- Added HiPPO trainer with PPO optimization
- Implemented QMIX value decomposition
- Created TaskCoordinationEnvironment example
- Extended CLI with hierarchical training commands
- Added comprehensive demo and testing

### Results
- 2 managers × 3 workers = 8 total agents
- Performance improving across episodes (22.15 → 41.75 avg reward)
- Task decomposition working correctly
- Full CLI integration with configuration support

---

## Task: task-2026-02-06-012
**Agent:** Archimedes (Engineering Lead)  
**Date:** 2026-02-06 16:30 UTC  
**Status:** COMPLETED  
**Type:** MARL CLI Enhancement  

### Description
Enhance MARL CLI to support advanced training configurations and command-line interfaces for better usability.

### Implementation
- Extended CLI with configuration file support
- Added training parameter customization
- Implemented model saving/loading
- Created comprehensive help system
- Added verbose output options

### Features
- JSON/YAML configuration support
- Hyperparameter tuning capabilities
- Progress monitoring and logging
- Checkpoint management

---

## Task: task-2026-02-06-011
**Agent:** Archimedes (Engineering Lead)  
**Date:** 2026-02-06 14:45 UTC  
**Status:** COMPLETED  
**Type:** MARL Environment Implementation  

### Description
Implement multi-agent environments and training algorithms for coordination scenarios.

### Implementation
- Created Environment base class
- Implemented CoordinationEnvironment
- Added training loops and policy optimization
- Created agent and network classes
- Added basic CLI interface

### Algorithms
- Q-learning for multi-agent settings
- Policy gradient methods
- Value function approximation
- Experience replay mechanisms